<?xml version="1.0" encoding="UTF-8"?>
<!-- Generated by org.testng.reporters.JUnitReportReporter -->
<testsuite hostname="Manan" failures="0" tests="1" name="alltests.EndToEndTest" time="53.333" errors="0" timestamp="2024-10-08T09:22:04 IST" skipped="0">
  <testcase classname="alltests.EndToEndTest" name="shoppingTest" time="53.333"/>
  <system-out/>
</testsuite> <!-- alltests.EndToEndTest -->
